 list
  \__Grid
  |      \__10
  |      \__20
  \__list
  |      \__=
  |      |   \__B1
  |      |   \__PLACE
  |      |           \__list
  |      |           |      \__2
  |      |           |      \__2
  |      |           \__list
  |      |                  \__1
  |      |                  \__1
  |      \__=
  |      |   \__B2
  |      |   \__PLACE
  |      |           \__list
  |      |           |      \__2
  |      |           |      \__4
  |      |           \__list
  |      |                  \__3
  |      |                  \__1
  |      \__MOVE
  |      |      \__B2
  |      |      \__WEST
  |      |      \__1
  |      \__MOVE
  |      |      \__B2
  |      |      \__EAST
  |      |      \__5
  |      \__=
  |      |   \__B2
  |      |   \__PUSH
  |      |          \__B1
  |      |          \__B2
  |      \__=
  |      |   \__B3
  |      |   \__PUSH
  |      |          \__list
  |      |          |      \__2
  |      |          |      \__3
  |      |          \__B2
  |      \__=
  |      |   \__B2
  |      |   \__PUSH
  |      |          \__list
  |      |          |      \__2
  |      |          |      \__3
  |      |          \__POP
  |      |                \__B1
  |      |                \__B2
  |      \__WHILE
  |      |       \__FITS
  |      |       |      \__B2
  |      |       |      \__list
  |      |       |      |      \__2
  |      |       |      |      \__1
  |      |       |      \__2
  |      |       \__list
  |      |              \__=
  |      |                  \__B2
  |      |                  \__PUSH
  |      |                         \__list
  |      |                         |      \__2
  |      |                         |      \__1
  |      |                         \__B2
  |      \__HEIGHT
  |      |        \__B2
  |      \__=
  |      |   \__B4
  |      |   \__PLACE
  |      |           \__list
  |      |           |      \__2
  |      |           |      \__2
  |      |           \__list
  |      |                  \__5
  |      |                  \__5
  |      \__TOWER10
  \__list
         \__DEF
               \__TOWER10
               \__list
                      \__WHILE
                              \__AND
                              |     \__>
                              |     |   \__HEIGHT
                              |     |   |        \__B4
                              |     |   \__1
                              |     \__<
                              |         \__HEIGHT
                              |         |        \__B4
                              |         \__10
                              \__list
                                     \__=
                                         \__B4
                                         \__PUSH
                                                \__list
                                                |      \__2
                                                |      \__2
                                                \__B4
